WARNING:root:warning message
ERROR:root:error message
CRITICAL:root:critical message
WARNING:root:warning message
ERROR:root:error message
CRITICAL:root:critical message
INFO:root:info message
WARNING:root:warning message
ERROR:root:error message
CRITICAL:root:critical message
2019-08-25 18:24:55,555 - root - INFO -16.loggingÄ£¿é:  info message
2019-08-25 18:24:55,555 - root - WARNING -16.loggingÄ£¿é:  warning message
2019-08-25 18:24:55,555 - root - ERROR -16.loggingÄ£¿é:  error message
2019-08-25 18:24:55,555 - root - CRITICAL -16.loggingÄ£¿é:  critical message
2019-08-25 18:25:34,873 - root - INFO -16.loggingæ¨¡å—:  info message
2019-08-25 18:25:34,873 - root - WARNING -16.loggingæ¨¡å—:  warning message
2019-08-25 18:25:34,874 - root - ERROR -16.loggingæ¨¡å—:  error message
2019-08-25 18:25:34,874 - root - CRITICAL -16.loggingæ¨¡å—:  critical message
2019-08-25 18:26:33,411 - root[7] - INFO -16.loggingæ¨¡å—:  info message
2019-08-25 18:26:33,411 - root[8] - WARNING -16.loggingæ¨¡å—:  warning message
2019-08-25 18:26:33,411 - root[9] - ERROR -16.loggingæ¨¡å—:  error message
2019-08-25 18:26:33,411 - root[10] - CRITICAL -16.loggingæ¨¡å—:  critical message
2019-08-25 18:27:44 - root[8] - INFO -16.loggingæ¨¡å—:  info message
2019-08-25 18:27:44 - root[9] - WARNING -16.loggingæ¨¡å—:  warning message
2019-08-25 18:27:44 - root[10] - ERROR -16.loggingæ¨¡å—:  error message
2019-08-25 18:27:44 - root[11] - CRITICAL -16.loggingæ¨¡å—:  critical message
2019-08-25 18:28:30 - root[10] - INFO -16.loggingæ¨¡å—:  info message
2019-08-25 18:28:30 - root[11] - WARNING -16.loggingæ¨¡å—:  warning message
2019-08-25 18:28:30 - root[12] - ERROR -16.loggingæ¨¡å—:  error message
2019-08-25 18:28:30 - root[13] - CRITICAL -16.loggingæ¨¡å—:  critical message
