2019-09-07 09:27:33 - root[13] - INFO -main:  FtpServer Program Start....
2019-09-07 09:52:05 - root[13] - INFO -main:  FtpServer Program Start....
2019-09-07 09:52:14 - root[75] - INFO -action:  aaa Login Success，Swithed to the user home dir ...
2019-09-07 09:52:18 - root[170] - INFO -action:  User aaa , Show dir content !
2019-09-07 09:52:26 - root[170] - INFO -action:  User aaa , Show dir content !
2019-09-07 09:52:27 - root[198] - INFO -action:  User aaa ,cd new dir : D:\oldboy_learn_project\oldbaoy_python_project\day09\课下\ftp作业\ftp_server\db\home\aaa\mhy !
2019-09-07 09:52:30 - root[170] - INFO -action:  User aaa , Show dir content !
2019-09-07 09:52:36 - root[209] - INFO -action:  User aaa ,return on  dir : D:\oldboy_learn_project\oldbaoy_python_project\day09\课下\ftp作业\ftp_server\db\home\aaa !
2019-09-07 09:52:43 - root[183] - INFO -action:  User aaa , Create D:\oldboy_learn_project\oldbaoy_python_project\day09\课下\ftp作业\ftp_server\db\home\aaa\ii dir !
2019-09-07 09:52:44 - root[170] - INFO -action:  User aaa , Show dir content !
2019-09-07 09:53:07 - root[123] - INFO -action:  User aaa ,Start Upload, Upload from 0 !
2019-09-07 09:53:08 - root[52] - INFO -action:  Check %s FIles, Success!
2019-09-07 09:53:11 - root[170] - INFO -action:  User aaa , Show dir content !
2019-09-07 09:53:25 - root[153] - INFO -action:  User aaa ,Start Download, Download from 0 !
2019-09-07 09:53:38 - root[75] - INFO -action:  mhy Login Success，Swithed to the user home dir ...
2019-09-07 09:53:39 - root[170] - INFO -action:  User mhy , Show dir content !
2019-09-07 09:53:58 - root[153] - INFO -action:  User mhy ,Start Download, Download from 0 !
2019-09-07 09:55:06 - root[75] - INFO -action:  mhy Login Success，Swithed to the user home dir ...
2019-09-07 10:28:08 - root[13] - INFO -main:  FtpServer Program Start....
2019-09-07 10:28:16 - root[75] - INFO -action:  mhy Login Success，Swithed to the user home dir ...
2019-09-07 10:28:32 - root[123] - INFO -action:  User mhy ,Start Upload, Upload from 0 !
2019-09-07 10:28:34 - root[52] - INFO -action:  Check %s FIles, Success!
2019-09-07 10:28:36 - root[170] - INFO -action:  User mhy , Show dir content !
2019-09-07 10:28:43 - root[153] - INFO -action:  User mhy ,Start Download, Download from 0 !
2019-09-07 10:28:48 - root[170] - INFO -action:  User mhy , Show dir content !
2019-09-07 10:28:59 - root[183] - INFO -action:  User mhy , Create D:\oldboy_learn_project\oldbaoy_python_project\day09\课下\ftp作业\ftp_server\db\home\mhy\cc dir !
2019-09-07 10:29:01 - root[170] - INFO -action:  User mhy , Show dir content !
2019-09-07 10:29:03 - root[170] - INFO -action:  User mhy , Show dir content !
2019-09-07 10:29:11 - root[75] - INFO -action:  mhy Login Success，Swithed to the user home dir ...
2019-09-07 10:29:13 - root[170] - INFO -action:  User mhy , Show dir content !
2019-09-07 10:29:15 - root[198] - INFO -action:  User mhy ,cd new dir : D:\oldboy_learn_project\oldbaoy_python_project\day09\课下\ftp作业\ftp_server\db\home\mhy\cc !
2019-09-07 10:29:18 - root[209] - INFO -action:  User mhy ,return on  dir : D:\oldboy_learn_project\oldbaoy_python_project\day09\课下\ftp作业\ftp_server\db\home\mhy !
2019-09-08 18:42:42 - root[13] - INFO -main:  FtpServer Program Start....
2019-09-08 18:43:13 - root[13] - INFO -main:  FtpServer Program Start....
2019-09-08 18:44:04 - root[102] - INFO -action:  Create User: caiqinxiong Success ! 
2019-09-08 18:44:33 - root[13] - INFO -main:  FtpServer Program Start....
2019-09-08 18:44:39 - root[13] - INFO -main:  FtpServer Program Start....
2019-09-08 18:44:50 - root[13] - INFO -main:  FtpServer Program Start....
2019-09-08 18:44:52 - root[13] - INFO -main:  FtpServer Program Start....
2019-09-08 18:44:55 - root[13] - INFO -main:  FtpServer Program Start....
2019-09-09 15:08:42 - root[13] - INFO -main:  FtpServer Program Start....
2019-09-09 15:31:23 - root[13] - INFO -main:  FtpServer Program Start....
