[2018-04-06 14:10:23 +0800] [1245] [INFO] Starting gunicorn 19.7.1
[2018-04-06 14:10:23 +0800] [1245] [INFO] Listening at: http://0.0.0.0:8000 (1245)
[2018-04-06 14:10:23 +0800] [1245] [INFO] Using worker: sync
[2018-04-06 14:10:23 +0800] [1248] [INFO] Booting worker with pid: 1248
[2018-04-06 14:10:23 +0800] [1249] [INFO] Booting worker with pid: 1249
[2018-04-06 14:10:23 +0800] [1248] [ERROR] Exception in worker process
Traceback (most recent call last):
  File "/usr/local/lib/python3.5/dist-packages/gunicorn/arbiter.py", line 578, in spawn_worker
    worker.init_process()
  File "/usr/local/lib/python3.5/dist-packages/gunicorn/workers/base.py", line 126, in init_process
    self.load_wsgi()
  File "/usr/local/lib/python3.5/dist-packages/gunicorn/workers/base.py", line 135, in load_wsgi
    self.wsgi = self.app.wsgi()
  File "/usr/local/lib/python3.5/dist-packages/gunicorn/app/base.py", line 67, in wsgi
    self.callable = self.load()
  File "/usr/local/lib/python3.5/dist-packages/gunicorn/app/wsgiapp.py", line 65, in load
    return self.load_wsgiapp()
  File "/usr/local/lib/python3.5/dist-packages/gunicorn/app/wsgiapp.py", line 52, in load_wsgiapp
    return util.import_app(self.app_uri)
  File "/usr/local/lib/python3.5/dist-packages/gunicorn/util.py", line 352, in import_app
    __import__(module)
ImportError: No module named 'www'
[2018-04-06 14:10:23 +0800] [1248] [INFO] Worker exiting (pid: 1248)
[2018-04-06 14:10:23 +0800] [1249] [ERROR] Exception in worker process
Traceback (most recent call last):
  File "/usr/local/lib/python3.5/dist-packages/gunicorn/arbiter.py", line 578, in spawn_worker
    worker.init_process()
  File "/usr/local/lib/python3.5/dist-packages/gunicorn/workers/base.py", line 126, in init_process
    self.load_wsgi()
  File "/usr/local/lib/python3.5/dist-packages/gunicorn/workers/base.py", line 135, in load_wsgi
    self.wsgi = self.app.wsgi()
  File "/usr/local/lib/python3.5/dist-packages/gunicorn/app/base.py", line 67, in wsgi
    self.callable = self.load()
  File "/usr/local/lib/python3.5/dist-packages/gunicorn/app/wsgiapp.py", line 65, in load
    return self.load_wsgiapp()
  File "/usr/local/lib/python3.5/dist-packages/gunicorn/app/wsgiapp.py", line 52, in load_wsgiapp
    return util.import_app(self.app_uri)
  File "/usr/local/lib/python3.5/dist-packages/gunicorn/util.py", line 352, in import_app
    __import__(module)
ImportError: No module named 'www'
[2018-04-06 14:10:23 +0800] [1249] [INFO] Worker exiting (pid: 1249)
[2018-04-06 14:10:23 +0800] [1245] [INFO] Shutting down: Master
[2018-04-06 14:10:23 +0800] [1245] [INFO] Reason: Worker failed to boot.
[2018-04-06 14:10:37 +0800] [1250] [INFO] Starting gunicorn 19.7.1
[2018-04-06 14:10:37 +0800] [1250] [INFO] Listening at: http://0.0.0.0:8000 (1250)
[2018-04-06 14:10:37 +0800] [1250] [INFO] Using worker: sync
[2018-04-06 14:10:37 +0800] [1253] [INFO] Booting worker with pid: 1253
[2018-04-06 14:10:37 +0800] [1254] [INFO] Booting worker with pid: 1254
[2018-04-06 14:10:37 +0800] [1255] [INFO] Booting worker with pid: 1255
[2018-04-06 14:10:37 +0800] [1257] [INFO] Booting worker with pid: 1257
Not Found: /favicon.ico
Forbidden (CSRF cookie not set.): /users/login/
Forbidden (CSRF cookie not set.): /users/login/
Forbidden (CSRF cookie not set.): /users/login/
Forbidden (CSRF cookie not set.): /users/login/
Forbidden (CSRF cookie not set.): /users/login/
Forbidden (CSRF cookie not set.): /users/login/
Forbidden (CSRF cookie not set.): /users/login/
Forbidden (CSRF cookie not set.): /users/login/
Forbidden (CSRF cookie not set.): /users/login/
Forbidden (CSRF cookie not set.): /users/login/
Forbidden (CSRF cookie not set.): /users/login/
Forbidden (CSRF cookie not set.): /users/login/
Forbidden (CSRF cookie not set.): /users/login/
Forbidden (CSRF cookie not set.): /users/login/
Forbidden (CSRF cookie not set.): /users/login/
Forbidden (CSRF cookie not set.): /users/login/
Forbidden (CSRF cookie not set.): /users/login/
Forbidden (CSRF cookie not set.): /users/login/
Forbidden (CSRF cookie not set.): /users/login/
Forbidden (CSRF cookie not set.): /users/login/
Forbidden (CSRF cookie not set.): /users/login/
Forbidden (CSRF cookie not set.): /users/login/
Forbidden (CSRF cookie not set.): /users/login/
Forbidden (CSRF cookie not set.): /users/login/
Forbidden (CSRF cookie not set.): /users/login/
Forbidden (CSRF cookie not set.): /users/login/
Forbidden (CSRF cookie not set.): /users/login/
Forbidden (CSRF cookie not set.): /users/login/
Forbidden (CSRF cookie not set.): /users/login/
Forbidden (CSRF cookie not set.): /users/login/
Forbidden (CSRF cookie not set.): /users/login/
Forbidden (CSRF cookie not set.): /users/login/
Forbidden (CSRF cookie not set.): /users/login/
Forbidden (CSRF cookie not set.): /users/login/
Forbidden (CSRF cookie not set.): /users/login/
Forbidden (CSRF cookie not set.): /users/login/
Forbidden (CSRF cookie not set.): /users/login/
Forbidden (CSRF cookie not set.): /users/login/
Forbidden (CSRF cookie not set.): /users/login/
Forbidden (CSRF cookie not set.): /users/login/
Forbidden (CSRF cookie not set.): /users/login/
Forbidden (CSRF cookie not set.): /users/login/
Forbidden (CSRF cookie not set.): /users/login/
Forbidden (CSRF cookie not set.): /users/login/
Forbidden (CSRF cookie not set.): /users/login/
Forbidden (CSRF cookie not set.): /users/login/
Forbidden (CSRF cookie not set.): /users/login/
Forbidden (CSRF cookie not set.): /users/login/
Forbidden (CSRF cookie not set.): /users/login/
Forbidden (CSRF cookie not set.): /users/login/
Forbidden (CSRF cookie not set.): /users/login/
Forbidden (CSRF cookie not set.): /users/login/
Forbidden (CSRF cookie not set.): /users/login/
Forbidden (CSRF cookie not set.): /users/login/
Forbidden (CSRF cookie not set.): /users/login/
Forbidden (CSRF cookie not set.): /users/login/
Forbidden (CSRF cookie not set.): /users/login/
Forbidden (CSRF cookie not set.): /users/login/
Forbidden (CSRF cookie not set.): /users/login/
Forbidden (CSRF cookie not set.): /users/login/
Forbidden (CSRF cookie not set.): /users/login/
Forbidden (CSRF cookie not set.): /users/login/
Forbidden (CSRF cookie not set.): /users/login/
Forbidden (CSRF cookie not set.): /users/login/
Forbidden (CSRF cookie not set.): /users/login/
Forbidden (CSRF cookie not set.): /users/login/
Forbidden (CSRF cookie not set.): /users/login/
Forbidden (CSRF cookie not set.): /users/login/
Forbidden (CSRF cookie not set.): /users/login/
Forbidden (CSRF cookie not set.): /users/login/
Forbidden (CSRF cookie not set.): /users/login/
Forbidden (CSRF cookie not set.): /users/login/
Forbidden (CSRF cookie not set.): /users/login/
Forbidden (CSRF cookie not set.): /users/login/
Forbidden (CSRF cookie not set.): /users/login/
Forbidden (CSRF cookie not set.): /users/login/
Forbidden (CSRF cookie not set.): /users/login/
Forbidden (CSRF cookie not set.): /users/login/
Forbidden (CSRF cookie not set.): /users/login/
Forbidden (CSRF cookie not set.): /users/login/
Forbidden (CSRF cookie not set.): /users/login/
Forbidden (CSRF cookie not set.): /users/login/
Forbidden (CSRF cookie not set.): /users/login/
Forbidden (CSRF cookie not set.): /users/login/
Forbidden (CSRF cookie not set.): /users/login/
Forbidden (CSRF cookie not set.): /users/login/
Forbidden (CSRF cookie not set.): /users/login/
Forbidden (CSRF cookie not set.): /users/login/
Forbidden (CSRF cookie not set.): /users/login/
Forbidden (CSRF cookie not set.): /users/login/
Forbidden (CSRF cookie not set.): /users/login/
Forbidden (CSRF cookie not set.): /users/login/
Forbidden (CSRF cookie not set.): /users/login/
Forbidden (CSRF cookie not set.): /users/login/
Forbidden (CSRF cookie not set.): /users/login/
Forbidden (CSRF cookie not set.): /users/login/
Forbidden (CSRF cookie not set.): /users/login/
Forbidden (CSRF cookie not set.): /users/login/
Forbidden (CSRF cookie not set.): /users/login/
Forbidden (CSRF cookie not set.): /users/login/
Forbidden (CSRF cookie not set.): /users/login/
Forbidden (CSRF cookie not set.): /users/login/
Forbidden (CSRF cookie not set.): /users/login/
Forbidden (CSRF cookie not set.): /users/login/
Forbidden (CSRF cookie not set.): /users/login/
Forbidden (CSRF cookie not set.): /users/login/
Forbidden (CSRF cookie not set.): /users/login/
Forbidden (CSRF cookie not set.): /users/login/
Forbidden (CSRF cookie not set.): /users/login/
Forbidden (CSRF cookie not set.): /users/login/
Forbidden (CSRF cookie not set.): /users/login/
Forbidden (CSRF cookie not set.): /users/login/
Forbidden (CSRF cookie not set.): /users/login/
Forbidden (CSRF cookie not set.): /users/login/
Forbidden (CSRF cookie not set.): /users/login/
Forbidden (CSRF cookie not set.): /users/login/
Forbidden (CSRF cookie not set.): /users/login/
Forbidden (CSRF cookie not set.): /users/login/
Forbidden (CSRF cookie not set.): /users/login/
Forbidden (CSRF cookie not set.): /users/login/
Forbidden (CSRF cookie not set.): /users/login/
Forbidden (CSRF cookie not set.): /users/login/
Forbidden (CSRF cookie not set.): /users/login/
Forbidden (CSRF cookie not set.): /users/login/
Forbidden (CSRF cookie not set.): /users/login/
Forbidden (CSRF cookie not set.): /users/login/
Forbidden (CSRF cookie not set.): /users/login/
Forbidden (CSRF cookie not set.): /users/login/
Forbidden (CSRF cookie not set.): /users/login/
Forbidden (CSRF cookie not set.): /users/login/
Forbidden (CSRF cookie not set.): /users/login/
Forbidden (CSRF cookie not set.): /users/login/
Forbidden (CSRF cookie not set.): /users/login/
Forbidden (CSRF cookie not set.): /users/login/
Forbidden (CSRF cookie not set.): /users/login/
Forbidden (CSRF cookie not set.): /users/login/
Forbidden (CSRF cookie not set.): /users/login/
Forbidden (CSRF cookie not set.): /users/login/
Forbidden (CSRF cookie not set.): /users/login/
Forbidden (CSRF cookie not set.): /users/login/
Forbidden (CSRF cookie not set.): /users/login/
Forbidden (CSRF cookie not set.): /users/login/
Forbidden (CSRF cookie not set.): /users/login/
Forbidden (CSRF cookie not set.): /users/login/
Forbidden (CSRF cookie not set.): /users/login/
Forbidden (CSRF cookie not set.): /users/login/
Forbidden (CSRF cookie not set.): /users/login/
Forbidden (CSRF cookie not set.): /users/login/
Forbidden (CSRF cookie not set.): /users/login/
Forbidden (CSRF cookie not set.): /users/login/
Forbidden (CSRF cookie not set.): /users/login/
Forbidden (CSRF cookie not set.): /users/login/
Forbidden (CSRF cookie not set.): /users/login/
Forbidden (CSRF cookie not set.): /users/login/
Forbidden (CSRF cookie not set.): /users/login/
Forbidden (CSRF cookie not set.): /users/login/
Forbidden (CSRF cookie not set.): /users/login/
Forbidden (CSRF cookie not set.): /users/login/
Forbidden (CSRF cookie not set.): /users/login/
Forbidden (CSRF cookie not set.): /users/login/
Forbidden (CSRF cookie not set.): /users/login/
Forbidden (CSRF cookie not set.): /users/login/
Forbidden (CSRF cookie not set.): /users/login/
Forbidden (CSRF cookie not set.): /users/login/
Forbidden (CSRF cookie not set.): /users/login/
Forbidden (CSRF cookie not set.): /users/login/
Forbidden (CSRF cookie not set.): /users/login/
Forbidden (CSRF cookie not set.): /users/login/
Forbidden (CSRF cookie not set.): /users/login/
Forbidden (CSRF cookie not set.): /users/login/
Forbidden (CSRF cookie not set.): /users/login/
Forbidden (CSRF cookie not set.): /users/login/
Forbidden (CSRF cookie not set.): /users/login/
Forbidden (CSRF cookie not set.): /users/login/
Forbidden (CSRF cookie not set.): /users/login/
Forbidden (CSRF cookie not set.): /users/login/
Forbidden (CSRF cookie not set.): /users/login/
Forbidden (CSRF cookie not set.): /users/login/
Forbidden (CSRF cookie not set.): /users/login/
Forbidden (CSRF cookie not set.): /users/login/
Forbidden (CSRF cookie not set.): /users/login/
Forbidden (CSRF cookie not set.): /users/login/
Forbidden (CSRF cookie not set.): /users/login/
Forbidden (CSRF cookie not set.): /users/login/
Forbidden (CSRF cookie not set.): /users/login/
Forbidden (CSRF cookie not set.): /users/login/
Forbidden (CSRF cookie not set.): /users/login/
Forbidden (CSRF cookie not set.): /users/login/
Forbidden (CSRF cookie not set.): /users/login/
Forbidden (CSRF cookie not set.): /users/login/
Forbidden (CSRF cookie not set.): /users/login/
Forbidden (CSRF cookie not set.): /users/login/
Forbidden (CSRF cookie not set.): /users/login/
Forbidden (CSRF cookie not set.): /users/login/
Forbidden (CSRF cookie not set.): /users/login/
Forbidden (CSRF cookie not set.): /users/login/
Forbidden (CSRF cookie not set.): /users/login/
Forbidden (CSRF cookie not set.): /users/login/
Forbidden (CSRF cookie not set.): /users/login/
Forbidden (CSRF cookie not set.): /users/login/
Forbidden (CSRF cookie not set.): /users/login/
Forbidden (CSRF cookie not set.): /users/login/
Forbidden (CSRF cookie not set.): /users/login/
Forbidden (CSRF cookie not set.): /users/login/
Forbidden (CSRF cookie not set.): /users/login/
Forbidden (CSRF cookie not set.): /users/login/
Forbidden (CSRF cookie not set.): /users/login/
Forbidden (CSRF cookie not set.): /users/login/
Forbidden (CSRF cookie not set.): /users/login/
Forbidden (CSRF cookie not set.): /users/login/
Forbidden (CSRF cookie not set.): /users/login/
Forbidden (CSRF cookie not set.): /users/login/
Forbidden (CSRF cookie not set.): /users/login/
Forbidden (CSRF cookie not set.): /users/login/
Forbidden (CSRF cookie not set.): /users/login/
Forbidden (CSRF cookie not set.): /users/login/
Forbidden (CSRF cookie not set.): /users/login/
Forbidden (CSRF cookie not set.): /users/login/
Forbidden (CSRF cookie not set.): /users/login/
Forbidden (CSRF cookie not set.): /users/login/
Forbidden (CSRF cookie not set.): /users/login/
Forbidden (CSRF cookie not set.): /users/login/
Forbidden (CSRF cookie not set.): /users/login/
Forbidden (CSRF cookie not set.): /users/login/
Forbidden (CSRF cookie not set.): /users/login/
Forbidden (CSRF cookie not set.): /users/login/
Forbidden (CSRF cookie not set.): /users/login/
Forbidden (CSRF cookie not set.): /users/login/
Forbidden (CSRF cookie not set.): /users/login/
Forbidden (CSRF cookie not set.): /users/login/
Forbidden (CSRF cookie not set.): /users/login/
Forbidden (CSRF cookie not set.): /users/login/
Forbidden (CSRF cookie not set.): /users/login/
Forbidden (CSRF cookie not set.): /users/login/
Forbidden (CSRF cookie not set.): /users/login/
Forbidden (CSRF cookie not set.): /users/login/
Forbidden (CSRF cookie not set.): /users/login/
Forbidden (CSRF cookie not set.): /users/login/
Forbidden (CSRF cookie not set.): /users/login/
Forbidden (CSRF cookie not set.): /users/login/
Forbidden (CSRF cookie not set.): /users/login/
Forbidden (CSRF cookie not set.): /users/login/
Forbidden (CSRF cookie not set.): /users/login/
Forbidden (CSRF cookie not set.): /users/login/
Forbidden (CSRF cookie not set.): /users/login/
Forbidden (CSRF cookie not set.): /users/login/
Forbidden (CSRF cookie not set.): /users/login/
Forbidden (CSRF cookie not set.): /users/login/
Forbidden (CSRF cookie not set.): /users/login/
Forbidden (CSRF cookie not set.): /users/login/
Forbidden (CSRF cookie not set.): /users/login/
Forbidden (CSRF cookie not set.): /users/login/
Forbidden (CSRF cookie not set.): /users/login/
Forbidden (CSRF cookie not set.): /users/login/
Forbidden (CSRF cookie not set.): /users/login/
Forbidden (CSRF cookie not set.): /users/login/
Forbidden (CSRF cookie not set.): /users/login/
Forbidden (CSRF cookie not set.): /users/login/
Forbidden (CSRF cookie not set.): /users/login/
Forbidden (CSRF cookie not set.): /users/login/
Forbidden (CSRF cookie not set.): /users/login/
Forbidden (CSRF cookie not set.): /users/login/
Forbidden (CSRF cookie not set.): /users/login/
Forbidden (CSRF cookie not set.): /users/login/
Forbidden (CSRF cookie not set.): /users/login/
Forbidden (CSRF cookie not set.): /users/login/
Forbidden (CSRF cookie not set.): /users/login/
Forbidden (CSRF cookie not set.): /users/login/
Forbidden (CSRF cookie not set.): /users/login/
Forbidden (CSRF cookie not set.): /users/login/
Forbidden (CSRF cookie not set.): /users/login/
Forbidden (CSRF cookie not set.): /users/login/
Forbidden (CSRF cookie not set.): /users/login/
Forbidden (CSRF cookie not set.): /users/login/
Forbidden (CSRF cookie not set.): /users/login/
Forbidden (CSRF cookie not set.): /users/login/
Forbidden (CSRF cookie not set.): /users/login/
Forbidden (CSRF cookie not set.): /users/login/
Forbidden (CSRF cookie not set.): /users/login/
Forbidden (CSRF cookie not set.): /users/login/
Forbidden (CSRF cookie not set.): /users/login/
Forbidden (CSRF cookie not set.): /users/login/
Forbidden (CSRF cookie not set.): /users/login/
Forbidden (CSRF cookie not set.): /users/login/
Forbidden (CSRF cookie not set.): /users/login/
Forbidden (CSRF cookie not set.): /users/login/
Forbidden (CSRF cookie not set.): /users/login/
Forbidden (CSRF cookie not set.): /users/login/
Forbidden (CSRF cookie not set.): /users/login/
Forbidden (CSRF cookie not set.): /users/login/
Forbidden (CSRF cookie not set.): /users/login/
Forbidden (CSRF cookie not set.): /users/login/
Forbidden (CSRF cookie not set.): /users/login/
Forbidden (CSRF cookie not set.): /users/login/
Forbidden (CSRF cookie not set.): /users/login/
Forbidden (CSRF cookie not set.): /users/login/
Forbidden (CSRF cookie not set.): /users/login/
Forbidden (CSRF cookie not set.): /users/login/
Forbidden (CSRF cookie not set.): /users/login/
Forbidden (CSRF cookie not set.): /users/login/
Forbidden (CSRF cookie not set.): /users/login/
Forbidden (CSRF cookie not set.): /users/login/
Forbidden (CSRF cookie not set.): /users/login/
Forbidden (CSRF cookie not set.): /users/login/
Forbidden (CSRF cookie not set.): /users/login/
Forbidden (CSRF cookie not set.): /users/login/
Forbidden (CSRF cookie not set.): /users/login/
Forbidden (CSRF cookie not set.): /users/login/
Forbidden (CSRF cookie not set.): /users/login/
Forbidden (CSRF cookie not set.): /users/login/
Forbidden (CSRF cookie not set.): /users/login/
Forbidden (CSRF cookie not set.): /users/login/
Forbidden (CSRF cookie not set.): /users/login/
Forbidden (CSRF cookie not set.): /users/login/
Forbidden (CSRF cookie not set.): /users/login/
Forbidden (CSRF cookie not set.): /users/login/
Forbidden (CSRF cookie not set.): /users/login/
Forbidden (CSRF cookie not set.): /users/login/
Forbidden (CSRF cookie not set.): /users/login/
Forbidden (CSRF cookie not set.): /users/login/
Forbidden (CSRF cookie not set.): /users/login/
Forbidden (CSRF cookie not set.): /users/login/
Forbidden (CSRF cookie not set.): /users/login/
Forbidden (CSRF cookie not set.): /users/login/
Forbidden (CSRF cookie not set.): /users/login/
Forbidden (CSRF cookie not set.): /users/login/
Forbidden (CSRF cookie not set.): /users/login/
Forbidden (CSRF cookie not set.): /users/login/
Forbidden (CSRF cookie not set.): /users/login/
Forbidden (CSRF cookie not set.): /users/login/
Forbidden (CSRF cookie not set.): /users/login/
Forbidden (CSRF cookie not set.): /users/login/
Forbidden (CSRF cookie not set.): /users/login/
Forbidden (CSRF cookie not set.): /users/login/
Forbidden (CSRF cookie not set.): /users/login/
Forbidden (CSRF cookie not set.): /users/login/
Forbidden (CSRF cookie not set.): /users/login/
Forbidden (CSRF cookie not set.): /users/login/
Forbidden (CSRF cookie not set.): /users/login/
Forbidden (CSRF cookie not set.): /users/login/
Forbidden (CSRF cookie not set.): /users/login/
Forbidden (CSRF cookie not set.): /users/login/
Forbidden (CSRF cookie not set.): /users/login/
Forbidden (CSRF cookie not set.): /users/login/
Forbidden (CSRF cookie not set.): /users/login/
Forbidden (CSRF cookie not set.): /users/login/
Forbidden (CSRF cookie not set.): /users/login/
Forbidden (CSRF cookie not set.): /users/login/
Forbidden (CSRF cookie not set.): /users/login/
Forbidden (CSRF cookie not set.): /users/login/
Forbidden (CSRF cookie not set.): /users/login/
Forbidden (CSRF cookie not set.): /users/login/
Forbidden (CSRF cookie not set.): /users/login/
Forbidden (CSRF cookie not set.): /users/login/
Forbidden (CSRF cookie not set.): /users/login/
Forbidden (CSRF cookie not set.): /users/login/
Forbidden (CSRF cookie not set.): /users/login/
Forbidden (CSRF cookie not set.): /users/login/
Forbidden (CSRF cookie not set.): /users/login/
Forbidden (CSRF cookie not set.): /users/login/
Forbidden (CSRF cookie not set.): /users/login/
Forbidden (CSRF cookie not set.): /users/login/
Forbidden (CSRF cookie not set.): /users/login/
Forbidden (CSRF cookie not set.): /users/login/
Forbidden (CSRF cookie not set.): /users/login/
Forbidden (CSRF cookie not set.): /users/login/
Forbidden (CSRF cookie not set.): /users/login/
Forbidden (CSRF cookie not set.): /users/login/
Forbidden (CSRF cookie not set.): /users/login/
Forbidden (CSRF cookie not set.): /users/login/
Forbidden (CSRF cookie not set.): /users/login/
Forbidden (CSRF cookie not set.): /users/login/
Forbidden (CSRF cookie not set.): /users/login/
Forbidden (CSRF cookie not set.): /users/login/
Forbidden (CSRF cookie not set.): /users/login/
Forbidden (CSRF cookie not set.): /users/login/
Forbidden (CSRF cookie not set.): /users/login/
Forbidden (CSRF cookie not set.): /users/login/
Forbidden (CSRF cookie not set.): /users/login/
Forbidden (CSRF cookie not set.): /users/login/
Forbidden (CSRF cookie not set.): /users/login/
Forbidden (CSRF cookie not set.): /users/login/
Forbidden (CSRF cookie not set.): /users/login/
Forbidden (CSRF cookie not set.): /users/login/
Forbidden (CSRF cookie not set.): /users/login/
Forbidden (CSRF cookie not set.): /users/login/
Forbidden (CSRF cookie not set.): /users/login/
Forbidden (CSRF cookie not set.): /users/login/
Forbidden (CSRF cookie not set.): /users/login/
Forbidden (CSRF cookie not set.): /users/login/
Forbidden (CSRF cookie not set.): /users/login/
Forbidden (CSRF cookie not set.): /users/login/
Forbidden (CSRF cookie not set.): /users/login/
Forbidden (CSRF cookie not set.): /users/login/
Forbidden (CSRF cookie not set.): /users/login/
Forbidden (CSRF cookie not set.): /users/login/
Forbidden (CSRF cookie not set.): /users/login/
Forbidden (CSRF cookie not set.): /users/login/
Forbidden (CSRF cookie not set.): /users/login/
Forbidden (CSRF cookie not set.): /users/login/
Forbidden (CSRF cookie not set.): /users/login/
Forbidden (CSRF cookie not set.): /users/login/
Forbidden (CSRF cookie not set.): /users/login/
Forbidden (CSRF cookie not set.): /users/login/
Forbidden (CSRF cookie not set.): /users/login/
Forbidden (CSRF cookie not set.): /users/login/
Forbidden (CSRF cookie not set.): /users/login/
Forbidden (CSRF cookie not set.): /users/login/
Forbidden (CSRF cookie not set.): /users/login/
Forbidden (CSRF cookie not set.): /users/login/
Forbidden (CSRF cookie not set.): /users/login/
Forbidden (CSRF cookie not set.): /users/login/
Forbidden (CSRF cookie not set.): /users/login/
Forbidden (CSRF cookie not set.): /users/login/
Forbidden (CSRF cookie not set.): /users/login/
Forbidden (CSRF cookie not set.): /users/login/
Forbidden (CSRF cookie not set.): /users/login/
Forbidden (CSRF cookie not set.): /users/login/
Forbidden (CSRF cookie not set.): /users/login/
Forbidden (CSRF cookie not set.): /users/login/
Forbidden (CSRF cookie not set.): /users/login/
Forbidden (CSRF cookie not set.): /users/login/
Forbidden (CSRF cookie not set.): /users/login/
Forbidden (CSRF cookie not set.): /users/login/
Forbidden (CSRF cookie not set.): /users/login/
Forbidden (CSRF cookie not set.): /users/login/
Forbidden (CSRF cookie not set.): /users/login/
Forbidden (CSRF cookie not set.): /users/login/
Forbidden (CSRF cookie not set.): /users/login/
Forbidden (CSRF cookie not set.): /users/login/
Forbidden (CSRF cookie not set.): /users/login/
Forbidden (CSRF cookie not set.): /users/login/
Forbidden (CSRF cookie not set.): /users/login/
Forbidden (CSRF cookie not set.): /users/login/
Forbidden (CSRF cookie not set.): /users/login/
Forbidden (CSRF cookie not set.): /users/login/
Forbidden (CSRF cookie not set.): /users/login/
Forbidden (CSRF cookie not set.): /users/login/
Forbidden (CSRF cookie not set.): /users/login/
Forbidden (CSRF cookie not set.): /users/login/
Forbidden (CSRF cookie not set.): /users/login/
Forbidden (CSRF cookie not set.): /users/login/
Forbidden (CSRF cookie not set.): /users/login/
Forbidden (CSRF cookie not set.): /users/login/
Forbidden (CSRF cookie not set.): /users/login/
Forbidden (CSRF cookie not set.): /users/login/
Forbidden (CSRF cookie not set.): /users/login/
Forbidden (CSRF cookie not set.): /users/login/
Forbidden (CSRF cookie not set.): /users/login/
Forbidden (CSRF cookie not set.): /users/login/
Forbidden (CSRF cookie not set.): /users/login/
Forbidden (CSRF cookie not set.): /users/login/
Forbidden (CSRF cookie not set.): /users/login/
Forbidden (CSRF cookie not set.): /users/login/
Forbidden (CSRF cookie not set.): /users/login/
Forbidden (CSRF cookie not set.): /users/login/
Forbidden (CSRF cookie not set.): /users/login/
Forbidden (CSRF cookie not set.): /users/login/
Forbidden (CSRF cookie not set.): /users/login/
Forbidden (CSRF cookie not set.): /users/login/
Forbidden (CSRF cookie not set.): /users/login/
Forbidden (CSRF cookie not set.): /users/login/
Forbidden (CSRF cookie not set.): /users/login/
Forbidden (CSRF cookie not set.): /users/login/
Forbidden (CSRF cookie not set.): /users/login/
Forbidden (CSRF cookie not set.): /users/login/
Forbidden (CSRF cookie not set.): /users/login/
Forbidden (CSRF cookie not set.): /users/login/
Forbidden (CSRF cookie not set.): /users/login/
Forbidden (CSRF cookie not set.): /users/login/
Forbidden (CSRF cookie not set.): /users/login/
Forbidden (CSRF cookie not set.): /users/login/
Forbidden (CSRF cookie not set.): /users/login/
Forbidden (CSRF cookie not set.): /users/login/
Forbidden (CSRF cookie not set.): /users/login/
Forbidden (CSRF cookie not set.): /users/login/
Forbidden (CSRF cookie not set.): /users/login/
Forbidden (CSRF cookie not set.): /users/login/
Forbidden (CSRF cookie not set.): /users/login/
Forbidden (CSRF cookie not set.): /users/login/
Forbidden (CSRF cookie not set.): /users/login/
Forbidden (CSRF cookie not set.): /users/login/
Forbidden (CSRF cookie not set.): /users/login/
Forbidden (CSRF cookie not set.): /users/login/
Forbidden (CSRF cookie not set.): /users/login/
Forbidden (CSRF cookie not set.): /users/login/
Forbidden (CSRF cookie not set.): /users/login/
Forbidden (CSRF cookie not set.): /users/login/
Forbidden (CSRF cookie not set.): /users/login/
Forbidden (CSRF cookie not set.): /users/login/
Forbidden (CSRF cookie not set.): /users/login/
Forbidden (CSRF cookie not set.): /users/login/
Forbidden (CSRF cookie not set.): /users/login/
Forbidden (CSRF cookie not set.): /users/login/
Forbidden (CSRF cookie not set.): /users/login/
Forbidden (CSRF cookie not set.): /users/login/
Forbidden (CSRF cookie not set.): /users/login/
Forbidden (CSRF cookie not set.): /users/login/
Forbidden (CSRF cookie not set.): /users/login/
Forbidden (CSRF cookie not set.): /users/login/
Forbidden (CSRF cookie not set.): /users/login/
Forbidden (CSRF cookie not set.): /users/login/
Forbidden (CSRF cookie not set.): /users/login/
Forbidden (CSRF cookie not set.): /users/login/
Forbidden (CSRF cookie not set.): /users/login/
Forbidden (CSRF cookie not set.): /users/login/
Forbidden (CSRF cookie not set.): /users/login/
Forbidden (CSRF cookie not set.): /users/login/
Forbidden (CSRF cookie not set.): /users/login/
Forbidden (CSRF cookie not set.): /users/login/
Forbidden (CSRF cookie not set.): /users/login/
Forbidden (CSRF cookie not set.): /users/login/
Forbidden (CSRF cookie not set.): /users/login/
Forbidden (CSRF cookie not set.): /users/login/
Forbidden (CSRF cookie not set.): /users/login/
Forbidden (CSRF cookie not set.): /users/login/
Forbidden (CSRF cookie not set.): /users/login/
Forbidden (CSRF cookie not set.): /users/login/
Forbidden (CSRF cookie not set.): /users/login/
Forbidden (CSRF cookie not set.): /users/login/
Forbidden (CSRF cookie not set.): /users/login/
Forbidden (CSRF cookie not set.): /users/login/
Forbidden (CSRF cookie not set.): /users/login/
Forbidden (CSRF cookie not set.): /users/login/
Forbidden (CSRF cookie not set.): /users/login/
Forbidden (CSRF cookie not set.): /users/login/
Forbidden (CSRF cookie not set.): /users/login/
Forbidden (CSRF cookie not set.): /users/login/
Forbidden (CSRF cookie not set.): /users/login/
Forbidden (CSRF cookie not set.): /users/login/
Forbidden (CSRF cookie not set.): /users/login/
Forbidden (CSRF cookie not set.): /users/login/
Forbidden (CSRF cookie not set.): /users/login/
Forbidden (CSRF cookie not set.): /users/login/
Forbidden (CSRF cookie not set.): /users/login/
Forbidden (CSRF cookie not set.): /users/login/
Forbidden (CSRF cookie not set.): /users/login/
Forbidden (CSRF cookie not set.): /users/login/
Forbidden (CSRF cookie not set.): /users/login/
Forbidden (CSRF cookie not set.): /users/login/
Forbidden (CSRF cookie not set.): /users/login/
Forbidden (CSRF cookie not set.): /users/login/
Forbidden (CSRF cookie not set.): /users/login/
Forbidden (CSRF cookie not set.): /users/login/
Forbidden (CSRF cookie not set.): /users/login/
Forbidden (CSRF cookie not set.): /users/login/
Forbidden (CSRF cookie not set.): /users/login/
Forbidden (CSRF cookie not set.): /users/login/
Forbidden (CSRF cookie not set.): /users/login/
Forbidden (CSRF cookie not set.): /users/login/
Forbidden (CSRF cookie not set.): /users/login/
Forbidden (CSRF cookie not set.): /users/login/
Forbidden (CSRF cookie not set.): /users/login/
Forbidden (CSRF cookie not set.): /users/login/
Forbidden (CSRF cookie not set.): /users/login/
Forbidden (CSRF cookie not set.): /users/login/
Forbidden (CSRF cookie not set.): /users/login/
Forbidden (CSRF cookie not set.): /users/login/
Forbidden (CSRF cookie not set.): /users/login/
Forbidden (CSRF cookie not set.): /users/login/
Forbidden (CSRF cookie not set.): /users/login/
Forbidden (CSRF cookie not set.): /users/login/
Forbidden (CSRF cookie not set.): /users/login/
Forbidden (CSRF cookie not set.): /users/login/
Forbidden (CSRF cookie not set.): /users/login/
Forbidden (CSRF cookie not set.): /users/login/
Forbidden (CSRF cookie not set.): /users/login/
Forbidden (CSRF cookie not set.): /users/login/
Forbidden (CSRF cookie not set.): /users/login/
Forbidden (CSRF cookie not set.): /users/login/
Forbidden (CSRF cookie not set.): /users/login/
Forbidden (CSRF cookie not set.): /users/login/
Forbidden (CSRF cookie not set.): /users/login/
Forbidden (CSRF cookie not set.): /users/login/
Forbidden (CSRF cookie not set.): /users/login/
Forbidden (CSRF cookie not set.): /users/login/
Forbidden (CSRF cookie not set.): /users/login/
Forbidden (CSRF cookie not set.): /users/login/
Forbidden (CSRF cookie not set.): /users/login/
Forbidden (CSRF cookie not set.): /users/login/
Forbidden (CSRF cookie not set.): /users/login/
Forbidden (CSRF cookie not set.): /users/login/
Forbidden (CSRF cookie not set.): /users/login/
Forbidden (CSRF cookie not set.): /users/login/
Forbidden (CSRF cookie not set.): /users/login/
Forbidden (CSRF cookie not set.): /users/login/
Forbidden (CSRF cookie not set.): /users/login/
Forbidden (CSRF cookie not set.): /users/login/
Forbidden (CSRF cookie not set.): /users/login/
Forbidden (CSRF cookie not set.): /users/login/
Forbidden (CSRF cookie not set.): /users/login/
Forbidden (CSRF cookie not set.): /users/login/
Forbidden (CSRF cookie not set.): /users/login/
Forbidden (CSRF cookie not set.): /users/login/
Forbidden (CSRF cookie not set.): /users/login/
Forbidden (CSRF cookie not set.): /users/login/
Forbidden (CSRF cookie not set.): /users/login/
Forbidden (CSRF cookie not set.): /users/login/
Forbidden (CSRF cookie not set.): /users/login/
Forbidden (CSRF cookie not set.): /users/login/
Forbidden (CSRF cookie not set.): /users/login/
Forbidden (CSRF cookie not set.): /users/login/
Forbidden (CSRF cookie not set.): /users/login/
Forbidden (CSRF cookie not set.): /users/login/
Forbidden (CSRF cookie not set.): /users/login/
Forbidden (CSRF cookie not set.): /users/login/
Forbidden (CSRF cookie not set.): /users/login/
Forbidden (CSRF cookie not set.): /users/login/
Forbidden (CSRF cookie not set.): /users/login/
Forbidden (CSRF cookie not set.): /users/login/
Forbidden (CSRF cookie not set.): /users/login/
Forbidden (CSRF cookie not set.): /users/login/
Forbidden (CSRF cookie not set.): /users/login/
Forbidden (CSRF cookie not set.): /users/login/
Forbidden (CSRF cookie not set.): /users/login/
Forbidden (CSRF cookie not set.): /users/login/
Forbidden (CSRF cookie not set.): /users/login/
Forbidden (CSRF cookie not set.): /users/login/
Forbidden (CSRF cookie not set.): /users/login/
Forbidden (CSRF cookie not set.): /users/login/
Forbidden (CSRF cookie not set.): /users/login/
Forbidden (CSRF cookie not set.): /users/login/
Forbidden (CSRF cookie not set.): /users/login/
Forbidden (CSRF cookie not set.): /users/login/
Forbidden (CSRF cookie not set.): /users/login/
Forbidden (CSRF cookie not set.): /users/login/
Forbidden (CSRF cookie not set.): /users/login/
Forbidden (CSRF cookie not set.): /users/login/
Forbidden (CSRF cookie not set.): /users/login/
Forbidden (CSRF cookie not set.): /users/login/
Forbidden (CSRF cookie not set.): /users/login/
Forbidden (CSRF cookie not set.): /users/login/
Forbidden (CSRF cookie not set.): /users/login/
Forbidden (CSRF cookie not set.): /users/login/
Forbidden (CSRF cookie not set.): /users/login/
Forbidden (CSRF cookie not set.): /users/login/
Forbidden (CSRF cookie not set.): /users/login/
Forbidden (CSRF cookie not set.): /users/login/
Forbidden (CSRF cookie not set.): /users/login/
Forbidden (CSRF cookie not set.): /users/login/
Forbidden (CSRF cookie not set.): /users/login/
Forbidden (CSRF cookie not set.): /users/login/
Forbidden (CSRF cookie not set.): /users/login/
Forbidden (CSRF cookie not set.): /users/login/
Forbidden (CSRF cookie not set.): /users/login/
Forbidden (CSRF cookie not set.): /users/login/
Forbidden (CSRF cookie not set.): /users/login/
Forbidden (CSRF cookie not set.): /users/login/
Forbidden (CSRF cookie not set.): /users/login/
Forbidden (CSRF cookie not set.): /users/login/
Forbidden (CSRF cookie not set.): /users/login/
Forbidden (CSRF cookie not set.): /users/login/
Forbidden (CSRF cookie not set.): /users/login/
Forbidden (CSRF cookie not set.): /users/login/
Forbidden (CSRF cookie not set.): /users/login/
Forbidden (CSRF cookie not set.): /users/login/
Forbidden (CSRF cookie not set.): /users/login/
Forbidden (CSRF cookie not set.): /users/login/
Forbidden (CSRF cookie not set.): /users/login/
Forbidden (CSRF cookie not set.): /users/login/
Forbidden (CSRF cookie not set.): /users/login/
Forbidden (CSRF cookie not set.): /users/login/
Forbidden (CSRF cookie not set.): /users/login/
Forbidden (CSRF cookie not set.): /users/login/
Forbidden (CSRF cookie not set.): /users/login/
Forbidden (CSRF cookie not set.): /users/login/
Forbidden (CSRF cookie not set.): /users/login/
Forbidden (CSRF cookie not set.): /users/login/
Forbidden (CSRF cookie not set.): /users/login/
Forbidden (CSRF cookie not set.): /users/login/
Forbidden (CSRF cookie not set.): /users/login/
Forbidden (CSRF cookie not set.): /users/login/
Forbidden (CSRF cookie not set.): /users/login/
Forbidden (CSRF cookie not set.): /users/login/
Forbidden (CSRF cookie not set.): /users/login/
Forbidden (CSRF cookie not set.): /users/login/
Forbidden (CSRF cookie not set.): /users/login/
Forbidden (CSRF cookie not set.): /users/login/
Forbidden (CSRF cookie not set.): /users/login/
Forbidden (CSRF cookie not set.): /users/login/
Forbidden (CSRF cookie not set.): /users/login/
Forbidden (CSRF cookie not set.): /users/login/
Forbidden (CSRF cookie not set.): /users/login/
Forbidden (CSRF cookie not set.): /users/login/
Forbidden (CSRF cookie not set.): /users/login/
Forbidden (CSRF cookie not set.): /users/login/
Forbidden (CSRF cookie not set.): /users/login/
Forbidden (CSRF cookie not set.): /users/login/
Forbidden (CSRF cookie not set.): /users/login/
Forbidden (CSRF cookie not set.): /users/login/
Forbidden (CSRF cookie not set.): /users/login/
Forbidden (CSRF cookie not set.): /users/login/
Forbidden (CSRF cookie not set.): /users/login/
Forbidden (CSRF cookie not set.): /users/login/
Forbidden (CSRF cookie not set.): /users/login/
Forbidden (CSRF cookie not set.): /users/login/
Forbidden (CSRF cookie not set.): /users/login/
Forbidden (CSRF cookie not set.): /users/login/
Forbidden (CSRF cookie not set.): /users/login/
Forbidden (CSRF cookie not set.): /users/login/
Forbidden (CSRF cookie not set.): /users/login/
Forbidden (CSRF cookie not set.): /users/login/
Forbidden (CSRF cookie not set.): /users/login/
Forbidden (CSRF cookie not set.): /users/login/
Forbidden (CSRF cookie not set.): /users/login/
Forbidden (CSRF cookie not set.): /users/login/
Forbidden (CSRF cookie not set.): /users/login/
Forbidden (CSRF cookie not set.): /users/login/
Forbidden (CSRF cookie not set.): /users/login/
Forbidden (CSRF cookie not set.): /users/login/
Forbidden (CSRF cookie not set.): /users/login/
Forbidden (CSRF cookie not set.): /users/login/
Forbidden (CSRF cookie not set.): /users/login/
Forbidden (CSRF cookie not set.): /users/login/
Forbidden (CSRF cookie not set.): /users/login/
Forbidden (CSRF cookie not set.): /users/login/
Forbidden (CSRF cookie not set.): /users/login/
Forbidden (CSRF cookie not set.): /users/login/
Forbidden (CSRF cookie not set.): /users/login/
Forbidden (CSRF cookie not set.): /users/login/
Forbidden (CSRF cookie not set.): /users/login/
Forbidden (CSRF cookie not set.): /users/login/
Forbidden (CSRF cookie not set.): /users/login/
Forbidden (CSRF cookie not set.): /users/login/
Forbidden (CSRF cookie not set.): /users/login/
Forbidden (CSRF cookie not set.): /users/login/
Forbidden (CSRF cookie not set.): /users/login/
Forbidden (CSRF cookie not set.): /users/login/
Forbidden (CSRF cookie not set.): /users/login/
Forbidden (CSRF cookie not set.): /users/login/
Forbidden (CSRF cookie not set.): /users/login/
Forbidden (CSRF cookie not set.): /users/login/
Forbidden (CSRF cookie not set.): /users/login/
Forbidden (CSRF cookie not set.): /users/login/
Forbidden (CSRF cookie not set.): /users/login/
Forbidden (CSRF cookie not set.): /users/login/
Forbidden (CSRF cookie not set.): /users/login/
Forbidden (CSRF cookie not set.): /users/login/
Forbidden (CSRF cookie not set.): /users/login/
Forbidden (CSRF cookie not set.): /users/login/
Forbidden (CSRF cookie not set.): /users/login/
Forbidden (CSRF cookie not set.): /users/login/
Forbidden (CSRF cookie not set.): /users/login/
Forbidden (CSRF cookie not set.): /users/login/
Forbidden (CSRF cookie not set.): /users/login/
Forbidden (CSRF cookie not set.): /users/login/
Forbidden (CSRF cookie not set.): /users/login/
Forbidden (CSRF cookie not set.): /users/login/
Forbidden (CSRF cookie not set.): /users/login/
Forbidden (CSRF cookie not set.): /users/login/
Forbidden (CSRF cookie not set.): /users/login/
Forbidden (CSRF cookie not set.): /users/login/
Forbidden (CSRF cookie not set.): /users/login/
Forbidden (CSRF cookie not set.): /users/login/
Forbidden (CSRF cookie not set.): /users/login/
Forbidden (CSRF cookie not set.): /users/login/
Forbidden (CSRF cookie not set.): /users/login/
Forbidden (CSRF cookie not set.): /users/login/
Forbidden (CSRF cookie not set.): /users/login/
Forbidden (CSRF cookie not set.): /users/login/
Forbidden (CSRF cookie not set.): /users/login/
Forbidden (CSRF cookie not set.): /users/login/
Forbidden (CSRF cookie not set.): /users/login/
Forbidden (CSRF cookie not set.): /users/login/
Forbidden (CSRF cookie not set.): /users/login/
Forbidden (CSRF cookie not set.): /users/login/
Forbidden (CSRF cookie not set.): /users/login/
Forbidden (CSRF cookie not set.): /users/login/
Forbidden (CSRF cookie not set.): /users/login/
Forbidden (CSRF cookie not set.): /users/login/
Forbidden (CSRF cookie not set.): /users/login/
Forbidden (CSRF cookie not set.): /users/login/
Forbidden (CSRF cookie not set.): /users/login/
Forbidden (CSRF cookie not set.): /users/login/
Forbidden (CSRF cookie not set.): /users/login/
Forbidden (CSRF cookie not set.): /users/login/
Forbidden (CSRF cookie not set.): /users/login/
Forbidden (CSRF cookie not set.): /users/login/
Forbidden (CSRF cookie not set.): /users/login/
Forbidden (CSRF cookie not set.): /users/login/
Forbidden (CSRF cookie not set.): /users/login/
Forbidden (CSRF cookie not set.): /users/login/
Forbidden (CSRF cookie not set.): /users/login/
Forbidden (CSRF cookie not set.): /users/login/
Forbidden (CSRF cookie not set.): /users/login/
Forbidden (CSRF cookie not set.): /users/login/
Forbidden (CSRF cookie not set.): /users/login/
Forbidden (CSRF token missing or incorrect.): /users/login/
Forbidden (CSRF token missing or incorrect.): /users/login/
Forbidden (CSRF token missing or incorrect.): /users/login/
Forbidden (CSRF token missing or incorrect.): /users/login/
Forbidden (CSRF token missing or incorrect.): /users/login/
Forbidden (CSRF token missing or incorrect.): /users/login/
Forbidden (CSRF token missing or incorrect.): /users/login/
Forbidden (CSRF token missing or incorrect.): /users/login/
Forbidden (CSRF token missing or incorrect.): /users/login/
Forbidden (CSRF token missing or incorrect.): /users/login/
Forbidden (CSRF token missing or incorrect.): /users/login/
Forbidden (CSRF token missing or incorrect.): /users/login/
Forbidden (CSRF token missing or incorrect.): /users/login/
Forbidden (CSRF token missing or incorrect.): /users/login/
Forbidden (CSRF token missing or incorrect.): /users/login/
Forbidden (CSRF token missing or incorrect.): /users/login/
Forbidden (CSRF token missing or incorrect.): /users/login/
Forbidden (CSRF token missing or incorrect.): /users/login/
Forbidden (CSRF token missing or incorrect.): /users/login/
Forbidden (CSRF token missing or incorrect.): /users/login/
Forbidden (CSRF token missing or incorrect.): /users/login/
Forbidden (CSRF token missing or incorrect.): /users/login/
Forbidden (CSRF token missing or incorrect.): /users/login/
Forbidden (CSRF token missing or incorrect.): /users/login/
Forbidden (CSRF token missing or incorrect.): /users/login/
Forbidden (CSRF token missing or incorrect.): /users/login/
Forbidden (CSRF token missing or incorrect.): /users/login/
Forbidden (CSRF token missing or incorrect.): /users/login/
Forbidden (CSRF token missing or incorrect.): /users/login/
Forbidden (CSRF token missing or incorrect.): /users/login/
Forbidden (CSRF token missing or incorrect.): /users/login/
Forbidden (CSRF token missing or incorrect.): /users/login/
Forbidden (CSRF token missing or incorrect.): /users/login/
Forbidden (CSRF token missing or incorrect.): /users/login/
Forbidden (CSRF token missing or incorrect.): /users/login/
Forbidden (CSRF token missing or incorrect.): /users/login/
Forbidden (CSRF token missing or incorrect.): /users/login/
Forbidden (CSRF token missing or incorrect.): /users/login/
Forbidden (CSRF token missing or incorrect.): /users/login/
Forbidden (CSRF token missing or incorrect.): /users/login/
Forbidden (CSRF token missing or incorrect.): /users/login/
Forbidden (CSRF token missing or incorrect.): /users/login/
Forbidden (CSRF token missing or incorrect.): /users/login/
Forbidden (CSRF token missing or incorrect.): /users/login/
Forbidden (CSRF token missing or incorrect.): /users/login/
Forbidden (CSRF token missing or incorrect.): /users/login/
Forbidden (CSRF token missing or incorrect.): /users/login/
Forbidden (CSRF token missing or incorrect.): /users/login/
Forbidden (CSRF token missing or incorrect.): /users/login/
Forbidden (CSRF token missing or incorrect.): /users/login/
Forbidden (CSRF token missing or incorrect.): /users/login/
Forbidden (CSRF token missing or incorrect.): /users/login/
Forbidden (CSRF token missing or incorrect.): /users/login/
Forbidden (CSRF token missing or incorrect.): /users/login/
Forbidden (CSRF token missing or incorrect.): /users/login/
Forbidden (CSRF token missing or incorrect.): /users/login/
Forbidden (CSRF token missing or incorrect.): /users/login/
Forbidden (CSRF token missing or incorrect.): /users/login/
Forbidden (CSRF token missing or incorrect.): /users/login/
Forbidden (CSRF token missing or incorrect.): /users/login/
Forbidden (CSRF token missing or incorrect.): /users/login/
Forbidden (CSRF token missing or incorrect.): /users/login/
Forbidden (CSRF token missing or incorrect.): /users/login/
Forbidden (CSRF token missing or incorrect.): /users/login/
Forbidden (CSRF token missing or incorrect.): /users/login/
Forbidden (CSRF token missing or incorrect.): /users/login/
Forbidden (CSRF token missing or incorrect.): /users/login/
Forbidden (CSRF token missing or incorrect.): /users/login/
Forbidden (CSRF token missing or incorrect.): /users/login/
Forbidden (CSRF token missing or incorrect.): /users/login/
Forbidden (CSRF token missing or incorrect.): /users/login/
Forbidden (CSRF token missing or incorrect.): /users/login/
Forbidden (CSRF token missing or incorrect.): /users/login/
Forbidden (CSRF token missing or incorrect.): /users/login/
Forbidden (CSRF token missing or incorrect.): /users/login/
Forbidden (CSRF token missing or incorrect.): /users/login/
Forbidden (CSRF token missing or incorrect.): /users/login/
Forbidden (CSRF token missing or incorrect.): /users/login/
Forbidden (CSRF token missing or incorrect.): /users/login/
Forbidden (CSRF token missing or incorrect.): /users/login/
Forbidden (CSRF token missing or incorrect.): /users/login/
Forbidden (CSRF token missing or incorrect.): /users/login/
Forbidden (CSRF token missing or incorrect.): /users/login/
Forbidden (CSRF token missing or incorrect.): /users/login/
Forbidden (CSRF token missing or incorrect.): /users/login/
Forbidden (CSRF token missing or incorrect.): /users/login/
Forbidden (CSRF token missing or incorrect.): /users/login/
Forbidden (CSRF token missing or incorrect.): /users/login/
Forbidden (CSRF token missing or incorrect.): /users/login/
Forbidden (CSRF token missing or incorrect.): /users/login/
Forbidden (CSRF token missing or incorrect.): /users/login/
Forbidden (CSRF token missing or incorrect.): /users/login/
Forbidden (CSRF token missing or incorrect.): /users/login/
Forbidden (CSRF token missing or incorrect.): /users/login/
Forbidden (CSRF token missing or incorrect.): /users/login/
Forbidden (CSRF token missing or incorrect.): /users/login/
Forbidden (CSRF token missing or incorrect.): /users/login/
Forbidden (CSRF token missing or incorrect.): /users/login/
Forbidden (CSRF token missing or incorrect.): /users/login/
Forbidden (CSRF token missing or incorrect.): /users/login/
Forbidden (CSRF token missing or incorrect.): /users/login/
Forbidden (CSRF token missing or incorrect.): /users/login/
Forbidden (CSRF token missing or incorrect.): /users/login/
Forbidden (CSRF token missing or incorrect.): /users/login/
Forbidden (CSRF token missing or incorrect.): /users/login/
Forbidden (CSRF token missing or incorrect.): /users/login/
Forbidden (CSRF token missing or incorrect.): /users/login/
Forbidden (CSRF token missing or incorrect.): /users/login/
Forbidden (CSRF token missing or incorrect.): /users/login/
Forbidden (CSRF token missing or incorrect.): /users/login/
Forbidden (CSRF token missing or incorrect.): /users/login/
Forbidden (CSRF token missing or incorrect.): /users/login/
Forbidden (CSRF token missing or incorrect.): /users/login/
Forbidden (CSRF token missing or incorrect.): /users/login/
Forbidden (CSRF token missing or incorrect.): /users/login/
Forbidden (CSRF token missing or incorrect.): /users/login/
Forbidden (CSRF token missing or incorrect.): /users/login/
Forbidden (CSRF token missing or incorrect.): /users/login/
Forbidden (CSRF token missing or incorrect.): /users/login/
Forbidden (CSRF token missing or incorrect.): /users/login/
Forbidden (CSRF token missing or incorrect.): /users/login/
Forbidden (CSRF token missing or incorrect.): /users/login/
Forbidden (CSRF token missing or incorrect.): /users/login/
Forbidden (CSRF token missing or incorrect.): /users/login/
Forbidden (CSRF token missing or incorrect.): /users/login/
Forbidden (CSRF token missing or incorrect.): /users/login/
Forbidden (CSRF token missing or incorrect.): /users/login/
Forbidden (CSRF token missing or incorrect.): /users/login/
Forbidden (CSRF token missing or incorrect.): /users/login/
Forbidden (CSRF token missing or incorrect.): /users/login/
Forbidden (CSRF token missing or incorrect.): /users/login/
Forbidden (CSRF token missing or incorrect.): /users/login/
Forbidden (CSRF token missing or incorrect.): /users/login/
Forbidden (CSRF token missing or incorrect.): /users/login/
Forbidden (CSRF token missing or incorrect.): /users/login/
Forbidden (CSRF token missing or incorrect.): /users/login/
Forbidden (CSRF token missing or incorrect.): /users/login/
Forbidden (CSRF token missing or incorrect.): /users/login/
Forbidden (CSRF token missing or incorrect.): /users/login/
Forbidden (CSRF token missing or incorrect.): /users/login/
Forbidden (CSRF token missing or incorrect.): /users/login/
Forbidden (CSRF token missing or incorrect.): /users/login/
Forbidden (CSRF token missing or incorrect.): /users/login/
Forbidden (CSRF token missing or incorrect.): /users/login/
Forbidden (CSRF token missing or incorrect.): /users/login/
Forbidden (CSRF token missing or incorrect.): /users/login/
Forbidden (CSRF token missing or incorrect.): /users/login/
Forbidden (CSRF token missing or incorrect.): /users/login/
Forbidden (CSRF token missing or incorrect.): /users/login/
Not Found: /cgi/common.cgi
Not Found: /stssys.htm
Not Found: /command.php
Not Found: /wls-wsat/CoordinatorPortType
Not Found: /wls-wsat/CoordinatorPortType
Not Found: /wls-wsat/CoordinatorPortType
Not Found: /muieblackcat
Not Found: /phpMyAdmin/scripts/setup.php
Not Found: /phpmyadmin/scripts/setup.php
Not Found: /pma/scripts/setup.php
Not Found: /myadmin/scripts/setup.php
Not Found: /MyAdmin/scripts/setup.php
Not Found: /recordings/
Not Found: /upload/bank-icons/bank-gh.jpg
Not Found: /upload/bank-icons/bank_16.png
Not Found: /muieblackcat
Not Found: /phpMyAdmin/scripts/setup.php
Not Found: /phpmyadmin/scripts/setup.php
Not Found: /pma/scripts/setup.php
Not Found: /myadmin/scripts/setup.php
Not Found: /MyAdmin/scripts/setup.php
Not Found: /hndUnblock.cgi
Not Found: /tmUnblock.cgi
Not Found: /moo
Not Found: /getcfg.php
Not Found: /getcfg.php
Not Found: /wls-wsat/CoordinatorPortType
[2018-04-09 16:29:59 +0800] [1250] [INFO] Handling signal: term
[2018-04-09 08:29:59 +0000] [1257] [INFO] Worker exiting (pid: 1257)
[2018-04-09 16:30:00 +0800] [1250] [INFO] Shutting down: Master
