用户[caiqinxiong]在2019年7月29日执行了articlePage函数
用户[lixiaoxin]在2019年7月29日执行了articlePage函数
用户[wusir]在2019年7月29日执行了diaryPage函数
用户[caiqinxiong]在2019年7月29日执行了commentPage函数
用户[caiqinxiong]在2019年7月29日执行了articlePage函数
用户[caiqinxiong]在2019年7月29日执行了articlePage函数
用户[caiqinxiong]在2019年7月29日执行了diaryPage函数
用户[caiqinxiong]在2019年7月29日执行了collectionPage函数
用户[lixiaoxin]在2019年7月29日执行了articlePage函数
用户[xiaoqiang]在2019年7月29日执行了commentPage函数
用户[xiaoqiang]在2019年7月29日执行了collectionPage函数
用户[None]在2019-07-29 23:17:41执行了articlePage函数
用户[None]在2019-07-29 23:19:50执行了diaryPage函数
用户[caiqinxiong]在2019-07-29 23:20:20执行了articlePage函数
用户[caiqinxiong]在2019-07-29 23:20:23执行了collectionPage函数
用户[None]在2019-07-29 23:21:43执行了diaryPage函数
用户[caiqinxiong]在2019-07-29 23:22:09执行了diaryPage函数
用户[caiqinxiong]在2019-07-29 23:22:09执行了commentPage函数
用户[caiqinxiong]在2019-07-29 23:22:10执行了collectionPage函数
用户[None]在2019-07-29 23:23:31执行了diaryPage函数
用户[caiqinxiong]在2019-07-29 23:23:33执行了diaryPage函数
用户[caiqinxiong]在2019-07-29 23:23:33执行了commentPage函数
用户[caiqinxiong]在2019-07-29 23:23:34执行了collectionPage函数
用户[None]在2019-07-29 23:24:55执行了diaryPage函数
用户[caiqinxiong]在2019-07-29 23:24:58执行了diaryPage函数
用户[caiqinxiong]在2019-07-29 23:24:59执行了commentPage函数
用户[caiqinxiong]在2019-07-29 23:24:59执行了articlePage函数
用户[caiqinxiong]在2019-07-29 23:25:00执行了diaryPage函数
用户[None]在2019-07-30 00:32:35执行了articlePage函数
用户[caiqinxiong]在2019-07-30 00:34:00执行了diaryPage函数
用户[caiqinxiong]在2019-07-30 00:34:04执行了commentPage函数
